android/build/outputs/logs/manifest-merger-debug-report.txt
-- Merging decision tree log ---
manifest
ADDED from RunnerGame/android/AndroidManifest.xml:2:1-39:12
	package
		ADDED from RunnerGame/android/AndroidManifest.xml:3:5-29
		INJECTED from RunnerGame/android/AndroidManifest.xml
		INJECTED from RunnerGame/android/AndroidManifest.xml
	android:versionName
		INJECTED from RunnerGame/android/AndroidManifest.xml
		INJECTED from RunnerGame/android/AndroidManifest.xml
	xmlns:android
		ADDED from RunnerGame/android/AndroidManifest.xml:2:11-69
	android:versionCode
		INJECTED from RunnerGame/android/AndroidManifest.xml
		INJECTED from RunnerGame/android/AndroidManifest.xml
uses-sdk
ADDED from RunnerGame/android/AndroidManifest.xml:5:5-7:41
MERGED from [RunnerGame:BaseGameUtils:1.0] AndroidManifest.xml:23:5-26:74
MERGED from [com.android.support:appcompat-v7:20.0.0] AndroidManifest.xml:16:5-42
MERGED from [com.google.android.gms:play-services-games:11.0.4] AndroidManifest.xml:17:5-43
MERGED from [com.google.android.gms:play-services-drive:11.0.4] AndroidManifest.xml:17:5-43
MERGED from [com.google.android.gms:play-services-plus:8.4.0] AndroidManifest.xml:18:5-42
MERGED from [com.google.android.gms:play-services-base:11.0.4] AndroidManifest.xml:17:5-43
MERGED from [com.google.android.gms:play-services-tasks:11.0.4] AndroidManifest.xml:3:5-43
MERGED from [com.google.android.gms:play-services-basement:11.0.4] AndroidManifest.xml:17:5-43
MERGED from [com.android.support:support-v4:25.2.0] AndroidManifest.xml:21:5-23:54
MERGED from [com.android.support:support-fragment:25.2.0] AndroidManifest.xml:21:5-23:60
MERGED from [com.android.support:support-media-compat:25.2.0] AndroidManifest.xml:21:5-23:63
MERGED from [com.android.support:support-core-ui:25.2.0] AndroidManifest.xml:21:5-23:58
MERGED from [com.android.support:support-core-utils:25.2.0] AndroidManifest.xml:21:5-23:61
MERGED from [com.android.support:support-compat:25.2.0] AndroidManifest.xml:21:5-23:58
	tools:overrideLibrary
		ADDED from [RunnerGame:BaseGameUtils:1.0] AndroidManifest.xml:26:9-71
	android:targetSdkVersion
		ADDED from RunnerGame/android/AndroidManifest.xml:7:9-38
		INJECTED from RunnerGame/android/AndroidManifest.xml
		INJECTED from RunnerGame/android/AndroidManifest.xml
	android:minSdkVersion
		ADDED from RunnerGame/android/AndroidManifest.xml:6:9-35
		INJECTED from RunnerGame/android/AndroidManifest.xml
		INJECTED from RunnerGame/android/AndroidManifest.xml
application
ADDED from RunnerGame/android/AndroidManifest.xml:10:5-34:19
MERGED from [RunnerGame:BaseGameUtils:1.0] AndroidManifest.xml:28:5-32:19
MERGED from [com.android.support:appcompat-v7:20.0.0] AndroidManifest.xml:17:5-19
MERGED from [com.google.android.gms:play-services-games:11.0.4] AndroidManifest.xml:18:5-19
MERGED from [com.google.android.gms:play-services-drive:11.0.4] AndroidManifest.xml:18:5-19
MERGED from [com.google.android.gms:play-services-plus:8.4.0] AndroidManifest.xml:19:5-20
MERGED from [com.google.android.gms:play-services-base:11.0.4] AndroidManifest.xml:18:5-20:19
MERGED from [com.google.android.gms:play-services-tasks:11.0.4] AndroidManifest.xml:4:5-19
MERGED from [com.google.android.gms:play-services-basement:11.0.4] AndroidManifest.xml:19:5-21:19
MERGED from [com.android.support:support-v4:25.2.0] AndroidManifest.xml:25:5-20
MERGED from [com.android.support:support-fragment:25.2.0] AndroidManifest.xml:25:5-20
MERGED from [com.android.support:support-media-compat:25.2.0] AndroidManifest.xml:25:5-20
MERGED from [com.android.support:support-core-ui:25.2.0] AndroidManifest.xml:25:5-20
MERGED from [com.android.support:support-core-utils:25.2.0] AndroidManifest.xml:25:5-20
MERGED from [com.android.support:support-compat:25.2.0] AndroidManifest.xml:25:5-20
	android:label
		ADDED from RunnerGame/android/AndroidManifest.xml:13:9-41
	android:allowBackup
		ADDED from RunnerGame/android/AndroidManifest.xml:11:9-35
	android:icon
		ADDED from RunnerGame/android/AndroidManifest.xml:12:9-45
	android:theme
		ADDED from RunnerGame/android/AndroidManifest.xml:14:9-40
meta-data#com.google.android.gms.games.APP_ID
ADDED from RunnerGame/android/AndroidManifest.xml:16:9-18:46
	android:value
		ADDED from RunnerGame/android/AndroidManifest.xml:18:13-43
	android:name
		ADDED from RunnerGame/android/AndroidManifest.xml:17:13-63
meta-data#com.google.android.gms.version
ADDED from RunnerGame/android/AndroidManifest.xml:19:9-21:69
MERGED from [com.google.android.gms:play-services-basement:11.0.4] AndroidManifest.xml:20:9-121
	android:value
		ADDED from RunnerGame/android/AndroidManifest.xml:21:13-66
	android:name
		ADDED from RunnerGame/android/AndroidManifest.xml:20:13-58
activity#com.mygdx.game.AndroidLauncher
ADDED from RunnerGame/android/AndroidManifest.xml:24:9-33:20
	android:screenOrientation
		ADDED from RunnerGame/android/AndroidManifest.xml:28:13-50
	android:label
		ADDED from RunnerGame/android/AndroidManifest.xml:27:13-45
	android:configChanges
		ADDED from RunnerGame/android/AndroidManifest.xml:26:13-94
	android:name
		ADDED from RunnerGame/android/AndroidManifest.xml:25:13-58
intent-filter#android.intent.action.MAIN+android.intent.category.LAUNCHER
ADDED from RunnerGame/android/AndroidManifest.xml:29:13-32:29
action#android.intent.action.MAIN
ADDED from RunnerGame/android/AndroidManifest.xml:30:17-69
	android:name
		ADDED from RunnerGame/android/AndroidManifest.xml:30:25-66
category#android.intent.category.LAUNCHER
ADDED from RunnerGame/android/AndroidManifest.xml:31:17-77
	android:name
		ADDED from RunnerGame/android/AndroidManifest.xml:31:27-74
uses-permission#android.permission.INTERNET
ADDED from RunnerGame/android/AndroidManifest.xml:36:5-67
	android:name
		ADDED from RunnerGame/android/AndroidManifest.xml:36:22-64
uses-permission#android.permission.ACCESS_NETWORK_STATE
ADDED from RunnerGame/android/AndroidManifest.xml:37:5-79
	android:name
		ADDED from RunnerGame/android/AndroidManifest.xml:37:22-76
meta-data#unityplayer.ForwardNativeEventsToDalvik
ADDED from [RunnerGame:BaseGameUtils:1.0] AndroidManifest.xml:29:9-31:36
	android:value
		ADDED from [RunnerGame:BaseGameUtils:1.0] AndroidManifest.xml:31:13-33
	android:name
		ADDED from [RunnerGame:BaseGameUtils:1.0] AndroidManifest.xml:30:13-67
activity#com.google.android.gms.common.api.GoogleApiActivity
ADDED from [com.google.android.gms:play-services-base:11.0.4] AndroidManifest.xml:19:9-172
	android:exported
		ADDED from [com.google.android.gms:play-services-base:11.0.4] AndroidManifest.xml:19:146-170
	android:theme
		ADDED from [com.google.android.gms:play-services-base:11.0.4] AndroidManifest.xml:19:86-145
	android:name
		ADDED from [com.google.android.gms:play-services-base:11.0.4] AndroidManifest.xml:19:19-85